<?xml version="1.0" encoding="UTF-8"?>
<!-- Generated by org.testng.reporters.JUnitReportReporter -->
<testsuite hostname="DESKTOP-KD7B1SL" failures="0" tests="7" name="scripts.user_management" time="123.741" errors="0" timestamp="2022-09-28T12:14:21 IST" skipped="0">
  <testcase classname="scripts.user_management" name="tc4" time="30.843"/>
  <system-out/>
  <testcase classname="scripts.user_management" name="tc7" time="12.160"/>
  <system-out/>
  <testcase classname="scripts.user_management" name="tc1" time="7.038"/>
  <system-out/>
  <testcase classname="scripts.user_management" name="tc5" time="21.277"/>
  <system-out/>
  <testcase classname="scripts.user_management" name="tc3" time="27.081"/>
  <system-out/>
  <testcase classname="scripts.user_management" name="tc2" time="12.353"/>
  <system-out/>
  <testcase classname="scripts.user_management" name="tc6" time="12.989"/>
  <system-out/>
</testsuite> <!-- scripts.user_management -->
