<?xml version="1.0" encoding="UTF-8"?>
<!-- Generated by org.testng.reporters.JUnitReportReporter -->
<testsuite hostname="DESKTOP-KD7B1SL" failures="0" tests="1" name="scripts.project_setting" time="137.518" errors="0" timestamp="2022-09-26T09:42:33 IST" skipped="0">
  <testcase classname="scripts.project_setting" name="tc1" time="137.518"/>
  <system-out/>
</testsuite> <!-- scripts.project_setting -->
